<?xml version="1.0" encoding="UTF-8"?>
<testng-results ignored="0" total="1" passed="1" failed="0" skipped="0">
  <reporter-output>
  </reporter-output>
  <suite started-at="2024-03-28T19:39:11 IST" name="Default suite" finished-at="2024-03-28T19:39:11 IST" duration-ms="60">
    <groups>
    </groups>
    <test started-at="2024-03-28T19:39:11 IST" name="Default test" finished-at="2024-03-28T19:39:11 IST" duration-ms="60">
      <class name="Worldline.task_5.AppTest">
        <test-method signature="testprint()[pri:0, instance:Worldline.task_5.AppTest@1a18644]" started-at="2024-03-28T19:39:11 IST" name="testprint" finished-at="2024-03-28T19:39:11 IST" duration-ms="11" status="PASS">
          <reporter-output>
          </reporter-output>
        </test-method> <!-- testprint -->
      </class> <!-- Worldline.task_5.AppTest -->
    </test> <!-- Default test -->
  </suite> <!-- Default suite -->
</testng-results>
